d:\github\c_code\扫雷\扫雷\x64\debug\vc143.pdb
d:\github\c_code\扫雷\扫雷\x64\debug\vc143.idb
d:\github\c_code\扫雷\扫雷\x64\debug\main.obj
d:\yeyuanzhiye\c_code\扫雷\x64\debug\扫雷.exe
d:\yeyuanzhiye\c_code\扫雷\x64\debug\扫雷.pdb
d:\github\c_code\扫雷\x64\debug\扫雷.exe
d:\github\c_code\扫雷\x64\debug\扫雷.pdb
d:\yeyuanzhiye\c_code\扫雷\扫雷\x64\debug\扫雷.res
d:\github\c_code\扫雷\扫雷\x64\debug\扫雷.res
d:\github\c_code\扫雷\扫雷\x64\debug\扫雷.ilk
d:\github\c_code\扫雷\扫雷\x64\debug\扫雷.tlog\cl.command.1.tlog
d:\github\c_code\扫雷\扫雷\x64\debug\扫雷.tlog\cl.items.tlog
d:\github\c_code\扫雷\扫雷\x64\debug\扫雷.tlog\cl.read.1.tlog
d:\github\c_code\扫雷\扫雷\x64\debug\扫雷.tlog\cl.write.1.tlog
d:\github\c_code\扫雷\扫雷\x64\debug\扫雷.tlog\link.command.1.tlog
d:\github\c_code\扫雷\扫雷\x64\debug\扫雷.tlog\link.read.1.tlog
d:\github\c_code\扫雷\扫雷\x64\debug\扫雷.tlog\link.secondary.1.tlog
d:\github\c_code\扫雷\扫雷\x64\debug\扫雷.tlog\link.write.1.tlog
d:\github\c_code\扫雷\扫雷\x64\debug\扫雷.tlog\rc.command.1.tlog
d:\github\c_code\扫雷\扫雷\x64\debug\扫雷.tlog\rc.read.1.tlog
d:\github\c_code\扫雷\扫雷\x64\debug\扫雷.tlog\rc.write.1.tlog
